<?xml version="1.0" encoding="UTF-8"?>
<testng-results ignored="0" total="1" passed="1" failed="0" skipped="0">
  <reporter-output>
  </reporter-output>
  <suite started-at="2021-01-05T21:09:30Z" name="Default suite" finished-at="2021-01-05T21:09:37Z" duration-ms="7758">
    <groups>
    </groups>
    <test started-at="2021-01-05T21:09:30Z" name="Default test" finished-at="2021-01-05T21:09:37Z" duration-ms="7758">
      <class name="demo.ram.com.Test1">
        <test-method signature="signin()[pri:0, instance:demo.ram.com.Test1@75db5df9]" started-at="2021-01-05T21:09:30Z" name="signin" finished-at="2021-01-05T21:09:37Z" duration-ms="7731" status="PASS">
          <reporter-output>
          </reporter-output>
        </test-method> <!-- signin -->
      </class> <!-- demo.ram.com.Test1 -->
    </test> <!-- Default test -->
  </suite> <!-- Default suite -->
</testng-results>
